Using pre-set license
Built from '2022.3/staging' branch; Version is '2022.3.6f1 (b9e6e7e9fa2d) revision 12183271'; Using compiler version '192829333'; Build Type 'Release'
OS: 'Windows 11  (10.0.22000) 64bit Core' Language: 'en' Physical Memory: 16308 MB
BatchMode: 1, IsHumanControllingUs: 0, StartBugReporterOnCrash: 0, Is64bit: 1, IsPro: 1

COMMAND LINE ARGUMENTS:
C:\Program Files\Unity\Hub\Editor\2022.3.6f1\Editor\Unity.exe
-adb2
-batchMode
-noUpm
-name
AssetImportWorker0
-projectPath
C:/LvlDesignDiss/Dissertation Project
-logFile
Logs/AssetImportWorker0.log
-srvPort
54477
Successfully changed project path to: C:/LvlDesignDiss/Dissertation Project
C:/LvlDesignDiss/Dissertation Project
[UnityMemory] Configuration Parameters - Can be set up in boot.config
    "memorysetup-bucket-allocator-granularity=16"
    "memorysetup-bucket-allocator-bucket-count=8"
    "memorysetup-bucket-allocator-block-size=33554432"
    "memorysetup-bucket-allocator-block-count=8"
    "memorysetup-main-allocator-block-size=16777216"
    "memorysetup-thread-allocator-block-size=16777216"
    "memorysetup-gfx-main-allocator-block-size=16777216"
    "memorysetup-gfx-thread-allocator-block-size=16777216"
    "memorysetup-cache-allocator-block-size=4194304"
    "memorysetup-typetree-allocator-block-size=2097152"
    "memorysetup-profiler-bucket-allocator-granularity=16"
    "memorysetup-profiler-bucket-allocator-bucket-count=8"
    "memorysetup-profiler-bucket-allocator-block-size=33554432"
    "memorysetup-profiler-bucket-allocator-block-count=8"
    "memorysetup-profiler-allocator-block-size=16777216"
    "memorysetup-profiler-editor-allocator-block-size=1048576"
    "memorysetup-temp-allocator-size-main=16777216"
    "memorysetup-job-temp-allocator-block-size=2097152"
    "memorysetup-job-temp-allocator-block-size-background=1048576"
    "memorysetup-job-temp-allocator-reduction-small-platforms=262144"
    "memorysetup-allocator-temp-initial-block-size-main=262144"
    "memorysetup-allocator-temp-initial-block-size-worker=262144"
    "memorysetup-temp-allocator-size-background-worker=32768"
    "memorysetup-temp-allocator-size-job-worker=262144"
    "memorysetup-temp-allocator-size-preload-manager=33554432"
    "memorysetup-temp-allocator-size-nav-mesh-worker=65536"
    "memorysetup-temp-allocator-size-audio-worker=65536"
    "memorysetup-temp-allocator-size-cloud-worker=32768"
    "memorysetup-temp-allocator-size-gi-baking-worker=262144"
    "memorysetup-temp-allocator-size-gfx=262144"
Player connection [15556] Host "[IP] 192.168.1.240 [Port] 0 [Flags] 2 [Guid] 2570276560 [EditorId] 2570276560 [Version] 1048832 [Id] WindowsEditor(7,DESKTOP-4RJOU37) [Debug] 1 [PackageName] WindowsEditor [ProjectName] Editor" joined multi-casting on [225.0.0.222:54997]...

Player connection [15556] Host "[IP] 192.168.1.240 [Port] 0 [Flags] 2 [Guid] 2570276560 [EditorId] 2570276560 [Version] 1048832 [Id] WindowsEditor(7,DESKTOP-4RJOU37) [Debug] 1 [PackageName] WindowsEditor [ProjectName] Editor" joined alternative multi-casting on [225.0.0.222:34997]...

Refreshing native plugins compatible for Editor in 15.06 ms, found 3 plugins.
Preloading 0 native plugins for Editor in 0.00 ms.
Initialize engine version: 2022.3.6f1 (b9e6e7e9fa2d)
[Subsystems] Discovering subsystems at path C:/Program Files/Unity/Hub/Editor/2022.3.6f1/Editor/Data/Resources/UnitySubsystems
[Subsystems] Discovering subsystems at path C:/LvlDesignDiss/Dissertation Project/Assets
GfxDevice: creating device client; threaded=0; jobified=0
Direct3D:
    Version:  Direct3D 11.0 [level 11.1]
    Renderer: NVIDIA GeForce GTX 1060 3GB (ID=0x1c02)
    Vendor:   NVIDIA
    VRAM:     2979 MB
    Driver:   31.0.15.3770
Initialize mono
Mono path[0] = 'C:/Program Files/Unity/Hub/Editor/2022.3.6f1/Editor/Data/Managed'
Mono path[1] = 'C:/Program Files/Unity/Hub/Editor/2022.3.6f1/Editor/Data/MonoBleedingEdge/lib/mono/unityjit-win32'
Mono config path = 'C:/Program Files/Unity/Hub/Editor/2022.3.6f1/Editor/Data/MonoBleedingEdge/etc'
Using monoOptions --debugger-agent=transport=dt_socket,embedding=1,server=y,suspend=n,address=127.0.0.1:56172
Begin MonoManager ReloadAssembly
Registering precompiled unity dll's ...
Register platform support module: C:/Program Files/Unity/Hub/Editor/2022.3.6f1/Editor/Data/PlaybackEngines/iOSSupport/UnityEditor.iOS.Extensions.dll
Register platform support module: C:/Program Files/Unity/Hub/Editor/2022.3.6f1/Editor/Data/PlaybackEngines/WindowsStandaloneSupport/UnityEditor.WindowsStandalone.Extensions.dll
Registered in 0.025877 seconds.
- Loaded All Assemblies, in  0.464 seconds
Native extension for WindowsStandalone target not found
[usbmuxd] Start listen thread
[usbmuxd] Listen thread started
[usbmuxd] Send listen message
[usbmuxd] Attached: 7 00008020-0018696C0145002E
Native extension for iOS target not found
Mono: successfully reloaded assembly
- Finished resetting the current domain, in  0.370 seconds
Domain Reload Profiling: 830ms
	BeginReloadAssembly (117ms)
		ExecutionOrderSort (0ms)
		DisableScriptedObjects (0ms)
		BackupInstance (0ms)
		ReleaseScriptingObjects (0ms)
		CreateAndSetChildDomain (1ms)
	RebuildCommonClasses (60ms)
	RebuildNativeTypeToScriptingClass (14ms)
	initialDomainReloadingComplete (99ms)
	LoadAllAssembliesAndSetupDomain (169ms)
		LoadAssemblies (113ms)
		RebuildTransferFunctionScriptingTraits (0ms)
		AnalyzeDomain (157ms)
			TypeCache.Refresh (157ms)
				TypeCache.ScanAssembly (143ms)
			ScanForSourceGeneratedMonoScriptInfo (0ms)
			ResolveRequiredComponents (0ms)
	FinalizeReload (371ms)
		ReleaseScriptCaches (0ms)
		RebuildScriptCaches (0ms)
		SetupLoadedEditorAssemblies (303ms)
			LogAssemblyErrors (0ms)
			InitializePlatformSupportModulesInManaged (44ms)
			SetLoadedEditorAssemblies (5ms)
			RefreshPlugins (0ms)
			BeforeProcessingInitializeOnLoad (3ms)
			ProcessInitializeOnLoadAttributes (178ms)
			ProcessInitializeOnLoadMethodAttributes (72ms)
			AfterProcessingInitializeOnLoad (0ms)
			EditorAssembliesLoaded (0ms)
		ExecutionOrderSort2 (0ms)
		AwakeInstancesAfterBackupRestoration (0ms)
========================================================================
Worker process is ready to serve import requests
Begin MonoManager ReloadAssembly
Symbol file LoadedFromMemory doesn't match image C:\LvlDesignDiss\Dissertation Project\Library\PackageCache\com.unity.visualscripting@1.8.0\Editor\VisualScripting.Core\Dependencies\YamlDotNet\Unity.VisualScripting.YamlDotNet.dll
Symbol file LoadedFromMemory doesn't match image C:\LvlDesignDiss\Dissertation Project\Library\PackageCache\com.unity.visualscripting@1.8.0\Editor\VisualScripting.Core\Dependencies\DotNetZip\Unity.VisualScripting.IonicZip.dll
- Loaded All Assemblies, in  1.001 seconds
Refreshing native plugins compatible for Editor in 5.22 ms, found 3 plugins.
Native extension for WindowsStandalone target not found
Native extension for iOS target not found
Mono: successfully reloaded assembly
- Finished resetting the current domain, in  0.761 seconds
Domain Reload Profiling: 1755ms
	BeginReloadAssembly (176ms)
		ExecutionOrderSort (0ms)
		DisableScriptedObjects (7ms)
		BackupInstance (0ms)
		ReleaseScriptingObjects (0ms)
		CreateAndSetChildDomain (25ms)
	RebuildCommonClasses (45ms)
	RebuildNativeTypeToScriptingClass (13ms)
	initialDomainReloadingComplete (62ms)
	LoadAllAssembliesAndSetupDomain (697ms)
		LoadAssemblies (396ms)
		RebuildTransferFunctionScriptingTraits (0ms)
		AnalyzeDomain (381ms)
			TypeCache.Refresh (357ms)
				TypeCache.ScanAssembly (341ms)
			ScanForSourceGeneratedMonoScriptInfo (19ms)
			ResolveRequiredComponents (6ms)
	FinalizeReload (762ms)
		ReleaseScriptCaches (0ms)
		RebuildScriptCaches (0ms)
		SetupLoadedEditorAssemblies (561ms)
			LogAssemblyErrors (0ms)
			InitializePlatformSupportModulesInManaged (35ms)
			SetLoadedEditorAssemblies (6ms)
			RefreshPlugins (0ms)
			BeforeProcessingInitializeOnLoad (88ms)
			ProcessInitializeOnLoadAttributes (388ms)
			ProcessInitializeOnLoadMethodAttributes (24ms)
			AfterProcessingInitializeOnLoad (19ms)
			EditorAssembliesLoaded (0ms)
		ExecutionOrderSort2 (0ms)
		AwakeInstancesAfterBackupRestoration (22ms)
Launched and connected shader compiler UnityShaderCompiler.exe after 0.09 seconds
Refreshing native plugins compatible for Editor in 5.62 ms, found 3 plugins.
Preloading 0 native plugins for Editor in 0.00 ms.
Unloading 3478 Unused Serialized files (Serialized files now loaded: 0)
Unloading 37 unused Assets / (29.6 KB). Loaded Objects now: 3948.
Memory consumption went from 135.2 MB to 135.1 MB.
Total: 4.314800 ms (FindLiveObjects: 0.337700 ms CreateObjectMapping: 0.451400 ms MarkObjects: 3.464600 ms  DeleteObjects: 0.059900 ms)

AssetImportParameters requested are different than current active one (requested -> active):
  custom:container-demuxer-ogg: 62fdf1f143b41e24485cea50d1cbac27 -> 
  custom:video-decoder-ogg-theora: a1e56fd34408186e4bbccfd4996cb3dc -> 
  custom:framework-win-MediaFoundation: 216162199b28c13a410421893ffa2e32 -> 
  custom:container-demuxer-webm: 4f35f7cbe854078d1ac9338744f61a02 -> 
  custom:container-muxer-webm: aa71ff27fc2769a1b78a27578f13a17b -> 
  custom:video-decoder-webm-vp8: 9c59270c3fd7afecdb556c50c9e8de78 -> 
  custom:AudioImporter_EditorPlatform: d09bf68614088b80899f8185d706f6e7 -> 
  custom:video-encoder-webm-vp8: eb34c28f22e8b96e1ab97ce403110664 -> 
  custom:audio-decoder-ogg-vorbis: bf7c407c2cedff20999df2af8eb42d56 -> 
  custom:audio-encoder-webm-vorbis: bf7c407c2cedff20999df2af8eb42d56 -> 
========================================================================
Received Prepare
Refreshing native plugins compatible for Editor in 5.54 ms, found 3 plugins.
Preloading 0 native plugins for Editor in 0.00 ms.
Unloading 1 Unused Serialized files (Serialized files now loaded: 0)
Unloading 1 unused Assets / (3.0 KB). Loaded Objects now: 3948.
Memory consumption went from 76.5 MB to 76.5 MB.
Total: 3.532500 ms (FindLiveObjects: 0.357900 ms CreateObjectMapping: 0.298300 ms MarkObjects: 2.852900 ms  DeleteObjects: 0.022300 ms)

Prepare: number of updated asset objects reloaded= 0
AssetImportParameters requested are different than current active one (requested -> active):
  custom:container-demuxer-ogg: 62fdf1f143b41e24485cea50d1cbac27 -> 
  custom:video-decoder-ogg-theora: a1e56fd34408186e4bbccfd4996cb3dc -> 
  custom:framework-win-MediaFoundation: 216162199b28c13a410421893ffa2e32 -> 
  custom:CustomObjectIndexerAttribute: 756ad292c208cfabdd7b50bc23989ffe -> 
  custom:container-demuxer-webm: 4f35f7cbe854078d1ac9338744f61a02 -> 
  custom:container-muxer-webm: aa71ff27fc2769a1b78a27578f13a17b -> 
  custom:video-decoder-webm-vp8: 9c59270c3fd7afecdb556c50c9e8de78 -> 
  custom:SearchIndexIgnoredProperties: e643bd26f0fe6173181afceb89e7c659 -> 
  custom:AudioImporter_EditorPlatform: d09bf68614088b80899f8185d706f6e7 -> 
  custom:video-encoder-webm-vp8: eb34c28f22e8b96e1ab97ce403110664 -> 
  custom:audio-decoder-ogg-vorbis: bf7c407c2cedff20999df2af8eb42d56 -> 
  custom:audio-encoder-webm-vorbis: bf7c407c2cedff20999df2af8eb42d56 -> 
========================================================================
Received Import Request.
  Time since last request: 28647.082042 seconds.
  path: Assets/player/Player1-Mnk/Player1.prefab
  artifactKey: Guid(c504499aeff4e0948a56352b63a23996) Importer(815301076,1909f56bfc062723c751e8b465ee728b)
Start importing Assets/player/Player1-Mnk/Player1.prefab using Guid(c504499aeff4e0948a56352b63a23996) Importer(815301076,1909f56bfc062723c751e8b465ee728b)  -> (artifact id: '85225ad408063221812d28e133c5908f') in 0.186455 seconds
Number of updated asset objects reloaded before import = 0
Number of asset objects unloaded after import = 68
========================================================================
Received Import Request.
  Time since last request: 0.000036 seconds.
  path: Assets/player/Player1-Mnk/Heat Sig 1.prefab
  artifactKey: Guid(647d5fdbbd1c5584f97ed73193401059) Importer(815301076,1909f56bfc062723c751e8b465ee728b)
Start importing Assets/player/Player1-Mnk/Heat Sig 1.prefab using Guid(647d5fdbbd1c5584f97ed73193401059) Importer(815301076,1909f56bfc062723c751e8b465ee728b)  -> (artifact id: 'cb19b3e54cfc2df34e2fc80e0f16cc14') in 0.019695 seconds
Number of updated asset objects reloaded before import = 0
Number of asset objects unloaded after import = 8
========================================================================
Received Import Request.
  Time since last request: 29.869629 seconds.
  path: Assets/Assets/MAts/Materials/heatSig1 1.mat
  artifactKey: Guid(dbfc2fbbc6e9b5f4fa2519445b03a388) Importer(815301076,1909f56bfc062723c751e8b465ee728b)
Start importing Assets/Assets/MAts/Materials/heatSig1 1.mat using Guid(dbfc2fbbc6e9b5f4fa2519445b03a388) Importer(815301076,1909f56bfc062723c751e8b465ee728b)  -> (artifact id: '64d0942b1defa8c93974657ba23951fa') in 0.038807 seconds
Number of updated asset objects reloaded before import = 0
Number of asset objects unloaded after import = 1
========================================================================
Received Import Request.
  Time since last request: 4.717792 seconds.
  path: Assets/Assets/MAts/Materials/heatSig1.mat
  artifactKey: Guid(1b51777212c4c914ca8f4f1a46a21705) Importer(815301076,1909f56bfc062723c751e8b465ee728b)
Start importing Assets/Assets/MAts/Materials/heatSig1.mat using Guid(1b51777212c4c914ca8f4f1a46a21705) Importer(815301076,1909f56bfc062723c751e8b465ee728b)  -> (artifact id: '6dd996942f47480e1b0adeed459c5328') in 0.015582 seconds
Number of updated asset objects reloaded before import = 0
Number of asset objects unloaded after import = 1
========================================================================
Received Import Request.
  Time since last request: 9.852220 seconds.
  path: Assets/player/Player1-Mnk/Heat Sig 1.prefab
  artifactKey: Guid(647d5fdbbd1c5584f97ed73193401059) Importer(815301076,1909f56bfc062723c751e8b465ee728b)
Start importing Assets/player/Player1-Mnk/Heat Sig 1.prefab using Guid(647d5fdbbd1c5584f97ed73193401059) Importer(815301076,1909f56bfc062723c751e8b465ee728b)  -> (artifact id: 'ae676e8d2edbcc3de59f276e9ddc01f4') in 0.016053 seconds
Number of updated asset objects reloaded before import = 0
Number of asset objects unloaded after import = 8
========================================================================
Received Import Request.
  Time since last request: 0.000021 seconds.
  path: Assets/player/Player1-Mnk/Player1.prefab
  artifactKey: Guid(c504499aeff4e0948a56352b63a23996) Importer(815301076,1909f56bfc062723c751e8b465ee728b)
Start importing Assets/player/Player1-Mnk/Player1.prefab using Guid(c504499aeff4e0948a56352b63a23996) Importer(815301076,1909f56bfc062723c751e8b465ee728b)  -> (artifact id: 'c56217beb6d7610b92c3df8a024bde12') in 0.042871 seconds
Number of updated asset objects reloaded before import = 0
Number of asset objects unloaded after import = 68
========================================================================
Received Import Request.
  Time since last request: 0.964392 seconds.
  path: Assets/player/Player2-Controller/HeatSigDeath.prefab
  artifactKey: Guid(7b0e77f26ae803a4cb22c0f50ac0d6a3) Importer(815301076,1909f56bfc062723c751e8b465ee728b)
Start importing Assets/player/Player2-Controller/HeatSigDeath.prefab using Guid(7b0e77f26ae803a4cb22c0f50ac0d6a3) Importer(815301076,1909f56bfc062723c751e8b465ee728b)  -> (artifact id: 'f68c608c783f2fda1a015be5949be936') in 0.019020 seconds
Number of updated asset objects reloaded before import = 0
Number of asset objects unloaded after import = 8
========================================================================
Received Import Request.
  Time since last request: 0.000015 seconds.
  path: Assets/player/Player2-Controller/HeatSigWalk.prefab
  artifactKey: Guid(ee0e68292a67f7a4fb5b47f3b59d601b) Importer(815301076,1909f56bfc062723c751e8b465ee728b)
Start importing Assets/player/Player2-Controller/HeatSigWalk.prefab using Guid(ee0e68292a67f7a4fb5b47f3b59d601b) Importer(815301076,1909f56bfc062723c751e8b465ee728b)  -> (artifact id: '0d6b065b006a62a49dddf1fe5d1339d7') in 0.019176 seconds
Number of updated asset objects reloaded before import = 0
Number of asset objects unloaded after import = 26
========================================================================
Received Import Request.
  Time since last request: 0.000014 seconds.
  path: Assets/player/Player2-Controller/HeatSigKill.prefab
  artifactKey: Guid(cf643b00e1abee24e9448c1deb009150) Importer(815301076,1909f56bfc062723c751e8b465ee728b)
Start importing Assets/player/Player2-Controller/HeatSigKill.prefab using Guid(cf643b00e1abee24e9448c1deb009150) Importer(815301076,1909f56bfc062723c751e8b465ee728b)  -> (artifact id: '7fae86381722518301b9f955bb23f204') in 0.016235 seconds
Number of updated asset objects reloaded before import = 0
Number of asset objects unloaded after import = 8
========================================================================
Received Import Request.
  Time since last request: 0.000017 seconds.
  path: Assets/player/Player2-Controller/Player2.prefab
  artifactKey: Guid(9cb64819f87a7af4aa04046885aff3de) Importer(815301076,1909f56bfc062723c751e8b465ee728b)
Start importing Assets/player/Player2-Controller/Player2.prefab using Guid(9cb64819f87a7af4aa04046885aff3de) Importer(815301076,1909f56bfc062723c751e8b465ee728b)  -> (artifact id: '2cc51793cc4074874963757eb13fb51a') in 0.052139 seconds
Number of updated asset objects reloaded before import = 0
Number of asset objects unloaded after import = 92
========================================================================
Received Import Request.
  Time since last request: 4.160079 seconds.
  path: Assets/player/Player2-Controller/HeatSigWalk.prefab
  artifactKey: Guid(ee0e68292a67f7a4fb5b47f3b59d601b) Importer(815301076,1909f56bfc062723c751e8b465ee728b)
Start importing Assets/player/Player2-Controller/HeatSigWalk.prefab using Guid(ee0e68292a67f7a4fb5b47f3b59d601b) Importer(815301076,1909f56bfc062723c751e8b465ee728b)  -> (artifact id: 'c2de88da17a7fbb054800b8208ebb5e7') in 0.017155 seconds
Number of updated asset objects reloaded before import = 0
Number of asset objects unloaded after import = 8
========================================================================
Received Import Request.
  Time since last request: 0.000017 seconds.
  path: Assets/player/Player2-Controller/Player2.prefab
  artifactKey: Guid(9cb64819f87a7af4aa04046885aff3de) Importer(815301076,1909f56bfc062723c751e8b465ee728b)
Start importing Assets/player/Player2-Controller/Player2.prefab using Guid(9cb64819f87a7af4aa04046885aff3de) Importer(815301076,1909f56bfc062723c751e8b465ee728b)  -> (artifact id: '5357848d22bcda3fce9c70a53c7a3f3d') in 0.038606 seconds
Number of updated asset objects reloaded before import = 0
Number of asset objects unloaded after import = 74
========================================================================
Received Import Request.
  Time since last request: 15.126384 seconds.
  path: Assets/Assets/MAts/Materials/heatSig1 2.mat
  artifactKey: Guid(a6e2a037574103a4abd1cec045b3c8da) Importer(815301076,1909f56bfc062723c751e8b465ee728b)
Start importing Assets/Assets/MAts/Materials/heatSig1 2.mat using Guid(a6e2a037574103a4abd1cec045b3c8da) Importer(815301076,1909f56bfc062723c751e8b465ee728b)  -> (artifact id: 'a1d53527e69692086ebe078a15fe47ed') in 0.014386 seconds
Number of updated asset objects reloaded before import = 0
Number of asset objects unloaded after import = 1
========================================================================
Received Import Request.
  Time since last request: 0.000017 seconds.
  path: Assets/Assets/MAts/Materials/heatSig1 3.mat
  artifactKey: Guid(2f4f928b84af9f34a908b21efd9a85b6) Importer(815301076,1909f56bfc062723c751e8b465ee728b)
Start importing Assets/Assets/MAts/Materials/heatSig1 3.mat using Guid(2f4f928b84af9f34a908b21efd9a85b6) Importer(815301076,1909f56bfc062723c751e8b465ee728b)  -> (artifact id: '43a9ea07b5a3708aa3e982db36283594') in 0.037747 seconds
Number of updated asset objects reloaded before import = 0
Number of asset objects unloaded after import = 1
========================================================================
Received Prepare
Refreshing native plugins compatible for Editor in 5.59 ms, found 3 plugins.
Preloading 0 native plugins for Editor in 0.00 ms.
Unloading 0 Unused Serialized files (Serialized files now loaded: 0)
Unloading 0 unused Assets / (0 B). Loaded Objects now: 3996.
Memory consumption went from 81.4 MB to 81.4 MB.
Total: 3.640600 ms (FindLiveObjects: 0.278800 ms CreateObjectMapping: 0.223900 ms MarkObjects: 3.129500 ms  DeleteObjects: 0.007500 ms)

Prepare: number of updated asset objects reloaded= 0
AssetImportParameters requested are different than current active one (requested -> active):
  custom:container-demuxer-ogg: 62fdf1f143b41e24485cea50d1cbac27 -> 
  custom:video-decoder-ogg-theora: a1e56fd34408186e4bbccfd4996cb3dc -> 
  custom:framework-win-MediaFoundation: 216162199b28c13a410421893ffa2e32 -> 
  custom:CustomObjectIndexerAttribute: 756ad292c208cfabdd7b50bc23989ffe -> 
  custom:container-demuxer-webm: 4f35f7cbe854078d1ac9338744f61a02 -> 
  custom:container-muxer-webm: aa71ff27fc2769a1b78a27578f13a17b -> 
  custom:video-decoder-webm-vp8: 9c59270c3fd7afecdb556c50c9e8de78 -> 
  custom:SearchIndexIgnoredProperties: e643bd26f0fe6173181afceb89e7c659 -> 
  custom:AudioImporter_EditorPlatform: d09bf68614088b80899f8185d706f6e7 -> 
  custom:video-encoder-webm-vp8: eb34c28f22e8b96e1ab97ce403110664 -> 
  custom:audio-decoder-ogg-vorbis: bf7c407c2cedff20999df2af8eb42d56 -> 
  custom:audio-encoder-webm-vorbis: bf7c407c2cedff20999df2af8eb42d56 -> 
