Using pre-set license
Built from '2022.3/staging' branch; Version is '2022.3.6f1 (b9e6e7e9fa2d) revision 12183271'; Using compiler version '192829333'; Build Type 'Release'
OS: 'Windows 11  (10.0.22000) 64bit Core' Language: 'en' Physical Memory: 16308 MB
BatchMode: 1, IsHumanControllingUs: 0, StartBugReporterOnCrash: 0, Is64bit: 1, IsPro: 1

COMMAND LINE ARGUMENTS:
C:\Program Files\Unity\Hub\Editor\2022.3.6f1\Editor\Unity.exe
-adb2
-batchMode
-noUpm
-name
AssetImportWorker0
-projectPath
C:/LvlDesignDiss/Dissertation Project
-logFile
Logs/AssetImportWorker0.log
-srvPort
54110
Successfully changed project path to: C:/LvlDesignDiss/Dissertation Project
C:/LvlDesignDiss/Dissertation Project
[UnityMemory] Configuration Parameters - Can be set up in boot.config
    "memorysetup-bucket-allocator-granularity=16"
    "memorysetup-bucket-allocator-bucket-count=8"
    "memorysetup-bucket-allocator-block-size=33554432"
    "memorysetup-bucket-allocator-block-count=8"
    "memorysetup-main-allocator-block-size=16777216"
    "memorysetup-thread-allocator-block-size=16777216"
    "memorysetup-gfx-main-allocator-block-size=16777216"
    "memorysetup-gfx-thread-allocator-block-size=16777216"
    "memorysetup-cache-allocator-block-size=4194304"
    "memorysetup-typetree-allocator-block-size=2097152"
    "memorysetup-profiler-bucket-allocator-granularity=16"
    "memorysetup-profiler-bucket-allocator-bucket-count=8"
    "memorysetup-profiler-bucket-allocator-block-size=33554432"
    "memorysetup-profiler-bucket-allocator-block-count=8"
    "memorysetup-profiler-allocator-block-size=16777216"
    "memorysetup-profiler-editor-allocator-block-size=1048576"
    "memorysetup-temp-allocator-size-main=16777216"
    "memorysetup-job-temp-allocator-block-size=2097152"
    "memorysetup-job-temp-allocator-block-size-background=1048576"
    "memorysetup-job-temp-allocator-reduction-small-platforms=262144"
    "memorysetup-allocator-temp-initial-block-size-main=262144"
    "memorysetup-allocator-temp-initial-block-size-worker=262144"
    "memorysetup-temp-allocator-size-background-worker=32768"
    "memorysetup-temp-allocator-size-job-worker=262144"
    "memorysetup-temp-allocator-size-preload-manager=33554432"
    "memorysetup-temp-allocator-size-nav-mesh-worker=65536"
    "memorysetup-temp-allocator-size-audio-worker=65536"
    "memorysetup-temp-allocator-size-cloud-worker=32768"
    "memorysetup-temp-allocator-size-gi-baking-worker=262144"
    "memorysetup-temp-allocator-size-gfx=262144"
Player connection [2612] Host "[IP] 192.168.1.240 [Port] 0 [Flags] 2 [Guid] 2560344005 [EditorId] 2560344005 [Version] 1048832 [Id] WindowsEditor(7,DESKTOP-4RJOU37) [Debug] 1 [PackageName] WindowsEditor [ProjectName] Editor" joined multi-casting on [225.0.0.222:54997]...

Player connection [2612] Host "[IP] 192.168.1.240 [Port] 0 [Flags] 2 [Guid] 2560344005 [EditorId] 2560344005 [Version] 1048832 [Id] WindowsEditor(7,DESKTOP-4RJOU37) [Debug] 1 [PackageName] WindowsEditor [ProjectName] Editor" joined alternative multi-casting on [225.0.0.222:34997]...

Refreshing native plugins compatible for Editor in 14.70 ms, found 3 plugins.
Preloading 0 native plugins for Editor in 0.00 ms.
Initialize engine version: 2022.3.6f1 (b9e6e7e9fa2d)
[Subsystems] Discovering subsystems at path C:/Program Files/Unity/Hub/Editor/2022.3.6f1/Editor/Data/Resources/UnitySubsystems
[Subsystems] Discovering subsystems at path C:/LvlDesignDiss/Dissertation Project/Assets
GfxDevice: creating device client; threaded=0; jobified=0
Direct3D:
    Version:  Direct3D 11.0 [level 11.1]
    Renderer: NVIDIA GeForce GTX 1060 3GB (ID=0x1c02)
    Vendor:   NVIDIA
    VRAM:     2979 MB
    Driver:   31.0.15.3770
Initialize mono
Mono path[0] = 'C:/Program Files/Unity/Hub/Editor/2022.3.6f1/Editor/Data/Managed'
Mono path[1] = 'C:/Program Files/Unity/Hub/Editor/2022.3.6f1/Editor/Data/MonoBleedingEdge/lib/mono/unityjit-win32'
Mono config path = 'C:/Program Files/Unity/Hub/Editor/2022.3.6f1/Editor/Data/MonoBleedingEdge/etc'
Using monoOptions --debugger-agent=transport=dt_socket,embedding=1,server=y,suspend=n,address=127.0.0.1:56348
Begin MonoManager ReloadAssembly
Registering precompiled unity dll's ...
Register platform support module: C:/Program Files/Unity/Hub/Editor/2022.3.6f1/Editor/Data/PlaybackEngines/iOSSupport/UnityEditor.iOS.Extensions.dll
Register platform support module: C:/Program Files/Unity/Hub/Editor/2022.3.6f1/Editor/Data/PlaybackEngines/WindowsStandaloneSupport/UnityEditor.WindowsStandalone.Extensions.dll
Registered in 0.027268 seconds.
- Loaded All Assemblies, in  0.492 seconds
Native extension for WindowsStandalone target not found
[usbmuxd] Start listen thread
[usbmuxd] Listen thread started
[usbmuxd] Send listen message
Native extension for iOS target not found
Mono: successfully reloaded assembly
- Finished resetting the current domain, in  0.378 seconds
Domain Reload Profiling: 867ms
	BeginReloadAssembly (126ms)
		ExecutionOrderSort (0ms)
		DisableScriptedObjects (0ms)
		BackupInstance (0ms)
		ReleaseScriptingObjects (0ms)
		CreateAndSetChildDomain (1ms)
	RebuildCommonClasses (46ms)
	RebuildNativeTypeToScriptingClass (13ms)
	initialDomainReloadingComplete (104ms)
	LoadAllAssembliesAndSetupDomain (198ms)
		LoadAssemblies (121ms)
		RebuildTransferFunctionScriptingTraits (0ms)
		AnalyzeDomain (186ms)
			TypeCache.Refresh (185ms)
				TypeCache.ScanAssembly (168ms)
			ScanForSourceGeneratedMonoScriptInfo (0ms)
			ResolveRequiredComponents (0ms)
	FinalizeReload (379ms)
		ReleaseScriptCaches (0ms)
		RebuildScriptCaches (0ms)
		SetupLoadedEditorAssemblies (304ms)
			LogAssemblyErrors (0ms)
			InitializePlatformSupportModulesInManaged (45ms)
			SetLoadedEditorAssemblies (6ms)
			RefreshPlugins (0ms)
			BeforeProcessingInitializeOnLoad (3ms)
			ProcessInitializeOnLoadAttributes (174ms)
			ProcessInitializeOnLoadMethodAttributes (75ms)
			AfterProcessingInitializeOnLoad (0ms)
			EditorAssembliesLoaded (0ms)
		ExecutionOrderSort2 (0ms)
		AwakeInstancesAfterBackupRestoration (0ms)
========================================================================
Worker process is ready to serve import requests
Begin MonoManager ReloadAssembly
Symbol file LoadedFromMemory doesn't match image C:\LvlDesignDiss\Dissertation Project\Library\PackageCache\com.unity.visualscripting@1.8.0\Editor\VisualScripting.Core\Dependencies\YamlDotNet\Unity.VisualScripting.YamlDotNet.dll
Symbol file LoadedFromMemory doesn't match image C:\LvlDesignDiss\Dissertation Project\Library\PackageCache\com.unity.visualscripting@1.8.0\Editor\VisualScripting.Core\Dependencies\DotNetZip\Unity.VisualScripting.IonicZip.dll
- Loaded All Assemblies, in  0.993 seconds
Refreshing native plugins compatible for Editor in 5.18 ms, found 3 plugins.
Native extension for WindowsStandalone target not found
Native extension for iOS target not found
Mono: successfully reloaded assembly
- Finished resetting the current domain, in  0.755 seconds
Domain Reload Profiling: 1741ms
	BeginReloadAssembly (185ms)
		ExecutionOrderSort (0ms)
		DisableScriptedObjects (7ms)
		BackupInstance (0ms)
		ReleaseScriptingObjects (0ms)
		CreateAndSetChildDomain (27ms)
	RebuildCommonClasses (43ms)
	RebuildNativeTypeToScriptingClass (14ms)
	initialDomainReloadingComplete (67ms)
	LoadAllAssembliesAndSetupDomain (676ms)
		LoadAssemblies (396ms)
		RebuildTransferFunctionScriptingTraits (0ms)
		AnalyzeDomain (370ms)
			TypeCache.Refresh (347ms)
				TypeCache.ScanAssembly (331ms)
			ScanForSourceGeneratedMonoScriptInfo (18ms)
			ResolveRequiredComponents (5ms)
	FinalizeReload (755ms)
		ReleaseScriptCaches (0ms)
		RebuildScriptCaches (0ms)
		SetupLoadedEditorAssemblies (559ms)
			LogAssemblyErrors (0ms)
			InitializePlatformSupportModulesInManaged (36ms)
			SetLoadedEditorAssemblies (5ms)
			RefreshPlugins (0ms)
			BeforeProcessingInitializeOnLoad (95ms)
			ProcessInitializeOnLoadAttributes (382ms)
			ProcessInitializeOnLoadMethodAttributes (22ms)
			AfterProcessingInitializeOnLoad (18ms)
			EditorAssembliesLoaded (0ms)
		ExecutionOrderSort2 (0ms)
		AwakeInstancesAfterBackupRestoration (21ms)
Launched and connected shader compiler UnityShaderCompiler.exe after 0.07 seconds
Refreshing native plugins compatible for Editor in 5.47 ms, found 3 plugins.
Preloading 0 native plugins for Editor in 0.00 ms.
Unloading 3478 Unused Serialized files (Serialized files now loaded: 0)
Unloading 37 unused Assets / (29.6 KB). Loaded Objects now: 3948.
Memory consumption went from 135.3 MB to 135.3 MB.
Total: 3.301800 ms (FindLiveObjects: 0.283400 ms CreateObjectMapping: 0.340700 ms MarkObjects: 2.621200 ms  DeleteObjects: 0.055800 ms)

AssetImportParameters requested are different than current active one (requested -> active):
  custom:container-demuxer-ogg: 62fdf1f143b41e24485cea50d1cbac27 -> 
  custom:video-decoder-ogg-theora: a1e56fd34408186e4bbccfd4996cb3dc -> 
  custom:framework-win-MediaFoundation: 216162199b28c13a410421893ffa2e32 -> 
  custom:container-demuxer-webm: 4f35f7cbe854078d1ac9338744f61a02 -> 
  custom:container-muxer-webm: aa71ff27fc2769a1b78a27578f13a17b -> 
  custom:video-decoder-webm-vp8: 9c59270c3fd7afecdb556c50c9e8de78 -> 
  custom:AudioImporter_EditorPlatform: d09bf68614088b80899f8185d706f6e7 -> 
  custom:video-encoder-webm-vp8: eb34c28f22e8b96e1ab97ce403110664 -> 
  custom:audio-decoder-ogg-vorbis: bf7c407c2cedff20999df2af8eb42d56 -> 
  custom:audio-encoder-webm-vorbis: bf7c407c2cedff20999df2af8eb42d56 -> 
========================================================================
Received Import Request.
  Time since last request: 27195.130252 seconds.
  path: Assets/Assets/MAts/Materials/heatSig2.mat
  artifactKey: Guid(c27a416b453cd954782c4f36215029a4) Importer(815301076,1909f56bfc062723c751e8b465ee728b)
Start importing Assets/Assets/MAts/Materials/heatSig2.mat using Guid(c27a416b453cd954782c4f36215029a4) Importer(815301076,1909f56bfc062723c751e8b465ee728b)  -> (artifact id: 'a2dbc5abfbb12a95a4184119c8822214') in 0.119421 seconds
Number of updated asset objects reloaded before import = 0
Number of asset objects unloaded after import = 1
========================================================================
Received Import Request.
  Time since last request: 0.000031 seconds.
  path: Assets/player/Player2-Controller/HeatSigWalk.prefab
  artifactKey: Guid(ee0e68292a67f7a4fb5b47f3b59d601b) Importer(815301076,1909f56bfc062723c751e8b465ee728b)
Start importing Assets/player/Player2-Controller/HeatSigWalk.prefab using Guid(ee0e68292a67f7a4fb5b47f3b59d601b) Importer(815301076,1909f56bfc062723c751e8b465ee728b)  -> (artifact id: '9c6f960096dde43bc3423b3c5e1ef84c') in 0.033635 seconds
Number of updated asset objects reloaded before import = 0
Number of asset objects unloaded after import = 26
========================================================================
Received Import Request.
  Time since last request: 0.000030 seconds.
  path: Assets/player/Player2-Controller/HeatSigDeath.prefab
  artifactKey: Guid(7b0e77f26ae803a4cb22c0f50ac0d6a3) Importer(815301076,1909f56bfc062723c751e8b465ee728b)
Start importing Assets/player/Player2-Controller/HeatSigDeath.prefab using Guid(7b0e77f26ae803a4cb22c0f50ac0d6a3) Importer(815301076,1909f56bfc062723c751e8b465ee728b)  -> (artifact id: '8304674f45890767714afc98bce79e61') in 0.021933 seconds
Number of updated asset objects reloaded before import = 0
Number of asset objects unloaded after import = 8
========================================================================
Received Import Request.
  Time since last request: 0.000014 seconds.
  path: Assets/Assets/MAts/Materials/heatSig1 3.mat
  artifactKey: Guid(2f4f928b84af9f34a908b21efd9a85b6) Importer(815301076,1909f56bfc062723c751e8b465ee728b)
Start importing Assets/Assets/MAts/Materials/heatSig1 3.mat using Guid(2f4f928b84af9f34a908b21efd9a85b6) Importer(815301076,1909f56bfc062723c751e8b465ee728b)  -> (artifact id: '32b6b6bbba90077ba8d77c0aa63f2e83') in 0.021140 seconds
Number of updated asset objects reloaded before import = 0
Number of asset objects unloaded after import = 1
========================================================================
Received Import Request.
  Time since last request: 0.000015 seconds.
  path: Assets/Assets/MAts/Materials/heatSig1 2.mat
  artifactKey: Guid(a6e2a037574103a4abd1cec045b3c8da) Importer(815301076,1909f56bfc062723c751e8b465ee728b)
Start importing Assets/Assets/MAts/Materials/heatSig1 2.mat using Guid(a6e2a037574103a4abd1cec045b3c8da) Importer(815301076,1909f56bfc062723c751e8b465ee728b)  -> (artifact id: '3a55a78700e9c21dc1e7932a3e035b51') in 0.020633 seconds
Number of updated asset objects reloaded before import = 0
Number of asset objects unloaded after import = 1
========================================================================
Received Import Request.
  Time since last request: 0.000015 seconds.
  path: Assets/Assets/MAts/Materials/heatSig4 1.mat
  artifactKey: Guid(4c601b98e07b44a4095c38375f382ebc) Importer(815301076,1909f56bfc062723c751e8b465ee728b)
Start importing Assets/Assets/MAts/Materials/heatSig4 1.mat using Guid(4c601b98e07b44a4095c38375f382ebc) Importer(815301076,1909f56bfc062723c751e8b465ee728b)  -> (artifact id: '58e73b662f852281737207191146510c') in 0.017001 seconds
Number of updated asset objects reloaded before import = 0
Number of asset objects unloaded after import = 1
========================================================================
Received Import Request.
  Time since last request: 0.000026 seconds.
  path: Assets/player/Player2-Controller/HeatSigKill.prefab
  artifactKey: Guid(cf643b00e1abee24e9448c1deb009150) Importer(815301076,1909f56bfc062723c751e8b465ee728b)
Start importing Assets/player/Player2-Controller/HeatSigKill.prefab using Guid(cf643b00e1abee24e9448c1deb009150) Importer(815301076,1909f56bfc062723c751e8b465ee728b)  -> (artifact id: 'edb7c1fe68051dd8f78a8dd6047b006c') in 0.012108 seconds
Number of updated asset objects reloaded before import = 0
Number of asset objects unloaded after import = 8
========================================================================
Received Import Request.
  Time since last request: 0.000022 seconds.
  path: Assets/Assets/MAts/Materials/heatSig2 1.mat
  artifactKey: Guid(d9d95b431a778884fb7cb4f2341e073b) Importer(815301076,1909f56bfc062723c751e8b465ee728b)
Start importing Assets/Assets/MAts/Materials/heatSig2 1.mat using Guid(d9d95b431a778884fb7cb4f2341e073b) Importer(815301076,1909f56bfc062723c751e8b465ee728b)  -> (artifact id: 'ce9c68486c330e632b0e5bd09079d8f9') in 0.022291 seconds
Number of updated asset objects reloaded before import = 0
Number of asset objects unloaded after import = 1
========================================================================
Received Import Request.
  Time since last request: 0.000023 seconds.
  path: Assets/Assets/MAts/Materials/heatSig3.mat
  artifactKey: Guid(52da76b83769762419bc86eac534b0a7) Importer(815301076,1909f56bfc062723c751e8b465ee728b)
Start importing Assets/Assets/MAts/Materials/heatSig3.mat using Guid(52da76b83769762419bc86eac534b0a7) Importer(815301076,1909f56bfc062723c751e8b465ee728b)  -> (artifact id: '820330969be0c14596babad1cafff4cc') in 0.021541 seconds
Number of updated asset objects reloaded before import = 0
Number of asset objects unloaded after import = 1
========================================================================
Received Import Request.
  Time since last request: 0.000024 seconds.
  path: Assets/player/Player2-Controller/Player2.prefab
  artifactKey: Guid(9cb64819f87a7af4aa04046885aff3de) Importer(815301076,1909f56bfc062723c751e8b465ee728b)
Start importing Assets/player/Player2-Controller/Player2.prefab using Guid(9cb64819f87a7af4aa04046885aff3de) Importer(815301076,1909f56bfc062723c751e8b465ee728b)  -> (artifact id: '237d83ff22296c0473afc2a040aa4134') in 0.100412 seconds
Number of updated asset objects reloaded before import = 0
Number of asset objects unloaded after import = 92
========================================================================
Received Import Request.
  Time since last request: 0.000019 seconds.
  path: Assets/Assets/MAts/Materials/heatSig1.mat
  artifactKey: Guid(1b51777212c4c914ca8f4f1a46a21705) Importer(815301076,1909f56bfc062723c751e8b465ee728b)
Start importing Assets/Assets/MAts/Materials/heatSig1.mat using Guid(1b51777212c4c914ca8f4f1a46a21705) Importer(815301076,1909f56bfc062723c751e8b465ee728b)  -> (artifact id: '8be4a3ee359776ea6c5afa55ce26dd9a') in 0.017795 seconds
Number of updated asset objects reloaded before import = 0
Number of asset objects unloaded after import = 1
========================================================================
Received Import Request.
  Time since last request: 0.000028 seconds.
  path: Assets/Assets/MAts/Materials/heatSig1 1.mat
  artifactKey: Guid(dbfc2fbbc6e9b5f4fa2519445b03a388) Importer(815301076,1909f56bfc062723c751e8b465ee728b)
Start importing Assets/Assets/MAts/Materials/heatSig1 1.mat using Guid(dbfc2fbbc6e9b5f4fa2519445b03a388) Importer(815301076,1909f56bfc062723c751e8b465ee728b)  -> (artifact id: '39f16bbdadd9eabba2f17875c11a2b27') in 0.017703 seconds
Number of updated asset objects reloaded before import = 0
Number of asset objects unloaded after import = 1
========================================================================
Received Import Request.
  Time since last request: 0.000023 seconds.
  path: Assets/Assets/MAts/Materials/heatSig4.mat
  artifactKey: Guid(164a45ca06e1c59468d76a5fe425fe83) Importer(815301076,1909f56bfc062723c751e8b465ee728b)
Start importing Assets/Assets/MAts/Materials/heatSig4.mat using Guid(164a45ca06e1c59468d76a5fe425fe83) Importer(815301076,1909f56bfc062723c751e8b465ee728b)  -> (artifact id: '00f5b40eddc325175e93eef713b995db') in 0.024091 seconds
Number of updated asset objects reloaded before import = 0
Number of asset objects unloaded after import = 1
========================================================================
Received Import Request.
  Time since last request: 0.000017 seconds.
  path: Assets/Assets/MAts/Materials/heatSig3 1.mat
  artifactKey: Guid(3113dcbac7aa8f448986c18693f7f045) Importer(815301076,1909f56bfc062723c751e8b465ee728b)
Start importing Assets/Assets/MAts/Materials/heatSig3 1.mat using Guid(3113dcbac7aa8f448986c18693f7f045) Importer(815301076,1909f56bfc062723c751e8b465ee728b)  -> (artifact id: '7083cc1f17de27f2569e1b5bf633b207') in 0.018268 seconds
Number of updated asset objects reloaded before import = 0
Number of asset objects unloaded after import = 1
========================================================================
Received Import Request.
  Time since last request: 24.977682 seconds.
  path: Assets/player/Player1-Mnk/Heat Sig 1.prefab
  artifactKey: Guid(647d5fdbbd1c5584f97ed73193401059) Importer(815301076,1909f56bfc062723c751e8b465ee728b)
Start importing Assets/player/Player1-Mnk/Heat Sig 1.prefab using Guid(647d5fdbbd1c5584f97ed73193401059) Importer(815301076,1909f56bfc062723c751e8b465ee728b)  -> (artifact id: '955d926cd548d2fe8a398cf7e5e8aeb6') in 0.020809 seconds
Number of updated asset objects reloaded before import = 0
Number of asset objects unloaded after import = 26
========================================================================
Received Import Request.
  Time since last request: 0.000016 seconds.
  path: Assets/player/Player1-Mnk/Player1.prefab
  artifactKey: Guid(c504499aeff4e0948a56352b63a23996) Importer(815301076,1909f56bfc062723c751e8b465ee728b)
Start importing Assets/player/Player1-Mnk/Player1.prefab using Guid(c504499aeff4e0948a56352b63a23996) Importer(815301076,1909f56bfc062723c751e8b465ee728b)  -> (artifact id: 'b5e476a483caf66d3db7d7f023f68b83') in 0.048379 seconds
Number of updated asset objects reloaded before import = 0
Number of asset objects unloaded after import = 85
========================================================================
Received Prepare
Refreshing native plugins compatible for Editor in 5.34 ms, found 3 plugins.
Preloading 0 native plugins for Editor in 0.00 ms.
Unloading 0 Unused Serialized files (Serialized files now loaded: 0)
Unloading 0 unused Assets / (0 B). Loaded Objects now: 3996.
Memory consumption went from 81.6 MB to 81.6 MB.
Total: 3.507700 ms (FindLiveObjects: 0.292500 ms CreateObjectMapping: 0.245100 ms MarkObjects: 2.960700 ms  DeleteObjects: 0.008400 ms)

Prepare: number of updated asset objects reloaded= 0
AssetImportParameters requested are different than current active one (requested -> active):
  custom:container-demuxer-ogg: 62fdf1f143b41e24485cea50d1cbac27 -> 
  custom:video-decoder-ogg-theora: a1e56fd34408186e4bbccfd4996cb3dc -> 
  custom:framework-win-MediaFoundation: 216162199b28c13a410421893ffa2e32 -> 
  custom:CustomObjectIndexerAttribute: 756ad292c208cfabdd7b50bc23989ffe -> 
  custom:container-demuxer-webm: 4f35f7cbe854078d1ac9338744f61a02 -> 
  custom:container-muxer-webm: aa71ff27fc2769a1b78a27578f13a17b -> 
  custom:video-decoder-webm-vp8: 9c59270c3fd7afecdb556c50c9e8de78 -> 
  custom:SearchIndexIgnoredProperties: e643bd26f0fe6173181afceb89e7c659 -> 
  custom:AudioImporter_EditorPlatform: d09bf68614088b80899f8185d706f6e7 -> 
  custom:video-encoder-webm-vp8: eb34c28f22e8b96e1ab97ce403110664 -> 
  custom:audio-decoder-ogg-vorbis: bf7c407c2cedff20999df2af8eb42d56 -> 
  custom:audio-encoder-webm-vorbis: bf7c407c2cedff20999df2af8eb42d56 -> 
========================================================================
Received Import Request.
  Time since last request: 38.974275 seconds.
  path: Assets/Assets/MAts/Materials/heatSig2.mat
  artifactKey: Guid(c27a416b453cd954782c4f36215029a4) Importer(815301076,1909f56bfc062723c751e8b465ee728b)
Start importing Assets/Assets/MAts/Materials/heatSig2.mat using Guid(c27a416b453cd954782c4f36215029a4) Importer(815301076,1909f56bfc062723c751e8b465ee728b)  -> (artifact id: '7787d613105895228717c4392373d7fa') in 0.015573 seconds
Number of updated asset objects reloaded before import = 0
Number of asset objects unloaded after import = 1
========================================================================
Received Import Request.
  Time since last request: 0.000022 seconds.
  path: Assets/Assets/MAts/Materials/heatSig1 3.mat
  artifactKey: Guid(2f4f928b84af9f34a908b21efd9a85b6) Importer(815301076,1909f56bfc062723c751e8b465ee728b)
Start importing Assets/Assets/MAts/Materials/heatSig1 3.mat using Guid(2f4f928b84af9f34a908b21efd9a85b6) Importer(815301076,1909f56bfc062723c751e8b465ee728b)  -> (artifact id: '15c69ba9c72d4a54a0f77072130a6095') in 0.015276 seconds
Number of updated asset objects reloaded before import = 0
Number of asset objects unloaded after import = 1
========================================================================
Received Import Request.
  Time since last request: 0.000016 seconds.
  path: Assets/Assets/MAts/Materials/heatSig1 2.mat
  artifactKey: Guid(a6e2a037574103a4abd1cec045b3c8da) Importer(815301076,1909f56bfc062723c751e8b465ee728b)
Start importing Assets/Assets/MAts/Materials/heatSig1 2.mat using Guid(a6e2a037574103a4abd1cec045b3c8da) Importer(815301076,1909f56bfc062723c751e8b465ee728b)  -> (artifact id: 'c08a8cdf2a22468329f1479c4973f405') in 0.015709 seconds
Number of updated asset objects reloaded before import = 0
Number of asset objects unloaded after import = 1
========================================================================
Received Import Request.
  Time since last request: 0.000015 seconds.
  path: Assets/Assets/MAts/Materials/heatSig4 1.mat
  artifactKey: Guid(4c601b98e07b44a4095c38375f382ebc) Importer(815301076,1909f56bfc062723c751e8b465ee728b)
Start importing Assets/Assets/MAts/Materials/heatSig4 1.mat using Guid(4c601b98e07b44a4095c38375f382ebc) Importer(815301076,1909f56bfc062723c751e8b465ee728b)  -> (artifact id: 'ec81303959af5ceff73ff3189b5a9b13') in 0.015720 seconds
Number of updated asset objects reloaded before import = 0
Number of asset objects unloaded after import = 1
========================================================================
Received Import Request.
  Time since last request: 0.000015 seconds.
  path: Assets/Assets/MAts/Materials/heatSig3.mat
  artifactKey: Guid(52da76b83769762419bc86eac534b0a7) Importer(815301076,1909f56bfc062723c751e8b465ee728b)
Start importing Assets/Assets/MAts/Materials/heatSig3.mat using Guid(52da76b83769762419bc86eac534b0a7) Importer(815301076,1909f56bfc062723c751e8b465ee728b)  -> (artifact id: '166c71b1b65e1b22750d351e8d2cf86f') in 0.015374 seconds
Number of updated asset objects reloaded before import = 0
Number of asset objects unloaded after import = 1
========================================================================
Received Import Request.
  Time since last request: 0.000019 seconds.
  path: Assets/Assets/MAts/Materials/heatSig2 1.mat
  artifactKey: Guid(d9d95b431a778884fb7cb4f2341e073b) Importer(815301076,1909f56bfc062723c751e8b465ee728b)
Start importing Assets/Assets/MAts/Materials/heatSig2 1.mat using Guid(d9d95b431a778884fb7cb4f2341e073b) Importer(815301076,1909f56bfc062723c751e8b465ee728b)  -> (artifact id: 'e826f68651a68c628ccbcf09de860076') in 0.015996 seconds
Number of updated asset objects reloaded before import = 0
Number of asset objects unloaded after import = 1
========================================================================
Received Import Request.
  Time since last request: 0.000015 seconds.
  path: Assets/Assets/MAts/Materials/heatSig1.mat
  artifactKey: Guid(1b51777212c4c914ca8f4f1a46a21705) Importer(815301076,1909f56bfc062723c751e8b465ee728b)
Start importing Assets/Assets/MAts/Materials/heatSig1.mat using Guid(1b51777212c4c914ca8f4f1a46a21705) Importer(815301076,1909f56bfc062723c751e8b465ee728b)  -> (artifact id: '3bc4ab4cc7e3e26b839a0c23553e7a08') in 0.016453 seconds
Number of updated asset objects reloaded before import = 0
Number of asset objects unloaded after import = 1
========================================================================
Received Import Request.
  Time since last request: 0.000017 seconds.
  path: Assets/Assets/MAts/Materials/heatSig1 1.mat
  artifactKey: Guid(dbfc2fbbc6e9b5f4fa2519445b03a388) Importer(815301076,1909f56bfc062723c751e8b465ee728b)
Start importing Assets/Assets/MAts/Materials/heatSig1 1.mat using Guid(dbfc2fbbc6e9b5f4fa2519445b03a388) Importer(815301076,1909f56bfc062723c751e8b465ee728b)  -> (artifact id: '054565ef839ae9938f164327f844d479') in 0.016436 seconds
Number of updated asset objects reloaded before import = 0
Number of asset objects unloaded after import = 1
========================================================================
Received Import Request.
  Time since last request: 0.000020 seconds.
  path: Assets/Assets/MAts/Materials/heatSig4.mat
  artifactKey: Guid(164a45ca06e1c59468d76a5fe425fe83) Importer(815301076,1909f56bfc062723c751e8b465ee728b)
Start importing Assets/Assets/MAts/Materials/heatSig4.mat using Guid(164a45ca06e1c59468d76a5fe425fe83) Importer(815301076,1909f56bfc062723c751e8b465ee728b)  -> (artifact id: 'ff296d52ed18d5da3c1309da069281e6') in 0.015240 seconds
Number of updated asset objects reloaded before import = 0
Number of asset objects unloaded after import = 1
========================================================================
Received Import Request.
  Time since last request: 0.000017 seconds.
  path: Assets/Assets/MAts/Materials/heatSig3 1.mat
  artifactKey: Guid(3113dcbac7aa8f448986c18693f7f045) Importer(815301076,1909f56bfc062723c751e8b465ee728b)
Start importing Assets/Assets/MAts/Materials/heatSig3 1.mat using Guid(3113dcbac7aa8f448986c18693f7f045) Importer(815301076,1909f56bfc062723c751e8b465ee728b)  -> (artifact id: '7fa23a16e5fbe8b7a35a84f8539e41ad') in 0.015526 seconds
Number of updated asset objects reloaded before import = 0
Number of asset objects unloaded after import = 1
========================================================================
Received Import Request.
  Time since last request: 12.067962 seconds.
  path: Assets/player/Player1-Mnk/Heat Sig 1.prefab
  artifactKey: Guid(647d5fdbbd1c5584f97ed73193401059) Importer(815301076,1909f56bfc062723c751e8b465ee728b)
Start importing Assets/player/Player1-Mnk/Heat Sig 1.prefab using Guid(647d5fdbbd1c5584f97ed73193401059) Importer(815301076,1909f56bfc062723c751e8b465ee728b)  -> (artifact id: '34b7a35abc97f0b56eb7c2b0e70eec51') in 0.018867 seconds
Number of updated asset objects reloaded before import = 0
Number of asset objects unloaded after import = 26
========================================================================
Received Import Request.
  Time since last request: 0.000016 seconds.
  path: Assets/player/Player1-Mnk/Player1.prefab
  artifactKey: Guid(c504499aeff4e0948a56352b63a23996) Importer(815301076,1909f56bfc062723c751e8b465ee728b)
Start importing Assets/player/Player1-Mnk/Player1.prefab using Guid(c504499aeff4e0948a56352b63a23996) Importer(815301076,1909f56bfc062723c751e8b465ee728b)  -> (artifact id: 'ed932c5c4a6073631d7c2aaf7b6220ad') in 0.040298 seconds
Number of updated asset objects reloaded before import = 0
Number of asset objects unloaded after import = 85
========================================================================
Received Import Request.
  Time since last request: 48.773587 seconds.
  path: Assets/Assets/MAts/Materials/heatSig1 1.mat
  artifactKey: Guid(dbfc2fbbc6e9b5f4fa2519445b03a388) Importer(815301076,1909f56bfc062723c751e8b465ee728b)
Start importing Assets/Assets/MAts/Materials/heatSig1 1.mat using Guid(dbfc2fbbc6e9b5f4fa2519445b03a388) Importer(815301076,1909f56bfc062723c751e8b465ee728b)  -> (artifact id: '01bee2d372b5336be57be8f6c2aba141') in 0.014295 seconds
Number of updated asset objects reloaded before import = 0
Number of asset objects unloaded after import = 1
========================================================================
Received Import Request.
  Time since last request: 0.000099 seconds.
  path: Assets/Assets/MAts/Materials/heatSig4 1.mat
  artifactKey: Guid(4c601b98e07b44a4095c38375f382ebc) Importer(815301076,1909f56bfc062723c751e8b465ee728b)
Start importing Assets/Assets/MAts/Materials/heatSig4 1.mat using Guid(4c601b98e07b44a4095c38375f382ebc) Importer(815301076,1909f56bfc062723c751e8b465ee728b)  -> (artifact id: 'd31d4964a786a9994f5b1b362d717519') in 0.015196 seconds
Number of updated asset objects reloaded before import = 0
Number of asset objects unloaded after import = 1
========================================================================
Received Import Request.
  Time since last request: 0.000097 seconds.
  path: Assets/Assets/MAts/Materials/heatSig2 1.mat
  artifactKey: Guid(d9d95b431a778884fb7cb4f2341e073b) Importer(815301076,1909f56bfc062723c751e8b465ee728b)
Start importing Assets/Assets/MAts/Materials/heatSig2 1.mat using Guid(d9d95b431a778884fb7cb4f2341e073b) Importer(815301076,1909f56bfc062723c751e8b465ee728b)  -> (artifact id: '0b84028eadd6b10f3a2e317dd70f0520') in 0.013456 seconds
Number of updated asset objects reloaded before import = 0
Number of asset objects unloaded after import = 1
========================================================================
Received Import Request.
  Time since last request: 0.000101 seconds.
  path: Assets/Assets/MAts/Materials/heatSig3 1.mat
  artifactKey: Guid(3113dcbac7aa8f448986c18693f7f045) Importer(815301076,1909f56bfc062723c751e8b465ee728b)
Start importing Assets/Assets/MAts/Materials/heatSig3 1.mat using Guid(3113dcbac7aa8f448986c18693f7f045) Importer(815301076,1909f56bfc062723c751e8b465ee728b)  -> (artifact id: '400b2d65768d0da930526d0fa573538a') in 0.020369 seconds
Number of updated asset objects reloaded before import = 0
Number of asset objects unloaded after import = 1
========================================================================
Received Import Request.
  Time since last request: 12.321555 seconds.
  path: Assets/player/Player2-Controller/HeatSigDeath.prefab
  artifactKey: Guid(7b0e77f26ae803a4cb22c0f50ac0d6a3) Importer(815301076,1909f56bfc062723c751e8b465ee728b)
Start importing Assets/player/Player2-Controller/HeatSigDeath.prefab using Guid(7b0e77f26ae803a4cb22c0f50ac0d6a3) Importer(815301076,1909f56bfc062723c751e8b465ee728b)  -> (artifact id: 'c2b12a86cfd7fcf7aabf81da8c10c4d3') in 0.017216 seconds
Number of updated asset objects reloaded before import = 0
Number of asset objects unloaded after import = 8
========================================================================
Received Import Request.
  Time since last request: 0.000016 seconds.
  path: Assets/player/Player2-Controller/HeatSigWalk.prefab
  artifactKey: Guid(ee0e68292a67f7a4fb5b47f3b59d601b) Importer(815301076,1909f56bfc062723c751e8b465ee728b)
Start importing Assets/player/Player2-Controller/HeatSigWalk.prefab using Guid(ee0e68292a67f7a4fb5b47f3b59d601b) Importer(815301076,1909f56bfc062723c751e8b465ee728b)  -> (artifact id: '288a1790e7ba7db68892a7d60b190df1') in 0.017079 seconds
Number of updated asset objects reloaded before import = 0
Number of asset objects unloaded after import = 26
========================================================================
Received Import Request.
  Time since last request: 0.000015 seconds.
  path: Assets/player/Player2-Controller/HeatSigKill.prefab
  artifactKey: Guid(cf643b00e1abee24e9448c1deb009150) Importer(815301076,1909f56bfc062723c751e8b465ee728b)
Start importing Assets/player/Player2-Controller/HeatSigKill.prefab using Guid(cf643b00e1abee24e9448c1deb009150) Importer(815301076,1909f56bfc062723c751e8b465ee728b)  -> (artifact id: 'f0a4bed532ea0d0cabfcdad83b28daf1') in 0.015950 seconds
Number of updated asset objects reloaded before import = 0
Number of asset objects unloaded after import = 8
========================================================================
Received Import Request.
  Time since last request: 0.000017 seconds.
  path: Assets/player/Player2-Controller/Player2.prefab
  artifactKey: Guid(9cb64819f87a7af4aa04046885aff3de) Importer(815301076,1909f56bfc062723c751e8b465ee728b)
Start importing Assets/player/Player2-Controller/Player2.prefab using Guid(9cb64819f87a7af4aa04046885aff3de) Importer(815301076,1909f56bfc062723c751e8b465ee728b)  -> (artifact id: 'af4c46a7456e914bfb610d754b327364') in 0.046976 seconds
Number of updated asset objects reloaded before import = 0
Number of asset objects unloaded after import = 92
========================================================================
Received Prepare
Begin MonoManager ReloadAssembly
Symbol file LoadedFromMemory doesn't match image C:\LvlDesignDiss\Dissertation Project\Library\PackageCache\com.unity.visualscripting@1.8.0\Editor\VisualScripting.Core\Dependencies\YamlDotNet\Unity.VisualScripting.YamlDotNet.dll
Symbol file LoadedFromMemory doesn't match image C:\LvlDesignDiss\Dissertation Project\Library\PackageCache\com.unity.visualscripting@1.8.0\Editor\VisualScripting.Core\Dependencies\DotNetZip\Unity.VisualScripting.IonicZip.dll
- Loaded All Assemblies, in  1.114 seconds
Refreshing native plugins compatible for Editor in 5.49 ms, found 3 plugins.
Native extension for WindowsStandalone target not found
Native extension for iOS target not found
Mono: successfully reloaded assembly
- Finished resetting the current domain, in  1.273 seconds
Domain Reload Profiling: 2381ms
	BeginReloadAssembly (170ms)
		ExecutionOrderSort (0ms)
		DisableScriptedObjects (5ms)
		BackupInstance (0ms)
		ReleaseScriptingObjects (0ms)
		CreateAndSetChildDomain (43ms)
	RebuildCommonClasses (38ms)
	RebuildNativeTypeToScriptingClass (13ms)
	initialDomainReloadingComplete (42ms)
	LoadAllAssembliesAndSetupDomain (844ms)
		LoadAssemblies (607ms)
		RebuildTransferFunctionScriptingTraits (0ms)
		AnalyzeDomain (307ms)
			TypeCache.Refresh (302ms)
				TypeCache.ScanAssembly (290ms)
			ScanForSourceGeneratedMonoScriptInfo (0ms)
			ResolveRequiredComponents (5ms)
	FinalizeReload (1273ms)
		ReleaseScriptCaches (0ms)
		RebuildScriptCaches (0ms)
		SetupLoadedEditorAssemblies (561ms)
			LogAssemblyErrors (0ms)
			InitializePlatformSupportModulesInManaged (41ms)
			SetLoadedEditorAssemblies (6ms)
			RefreshPlugins (0ms)
			BeforeProcessingInitializeOnLoad (99ms)
			ProcessInitializeOnLoadAttributes (369ms)
			ProcessInitializeOnLoadMethodAttributes (26ms)
			AfterProcessingInitializeOnLoad (20ms)
			EditorAssembliesLoaded (0ms)
		ExecutionOrderSort2 (0ms)
		AwakeInstancesAfterBackupRestoration (21ms)
Refreshing native plugins compatible for Editor in 6.91 ms, found 3 plugins.
Preloading 0 native plugins for Editor in 0.00 ms.
Unloading 3452 Unused Serialized files (Serialized files now loaded: 0)
Unloading 22 unused Assets / (30.4 KB). Loaded Objects now: 3998.
Memory consumption went from 133.9 MB to 133.9 MB.
Total: 4.761100 ms (FindLiveObjects: 0.396500 ms CreateObjectMapping: 0.343200 ms MarkObjects: 3.973800 ms  DeleteObjects: 0.046600 ms)

Prepare: number of updated asset objects reloaded= 0
AssetImportParameters requested are different than current active one (requested -> active):
  custom:container-demuxer-ogg: 62fdf1f143b41e24485cea50d1cbac27 -> 
  custom:video-decoder-ogg-theora: a1e56fd34408186e4bbccfd4996cb3dc -> 
  custom:framework-win-MediaFoundation: 216162199b28c13a410421893ffa2e32 -> 
  custom:CustomObjectIndexerAttribute: 756ad292c208cfabdd7b50bc23989ffe -> 
  custom:container-demuxer-webm: 4f35f7cbe854078d1ac9338744f61a02 -> 
  custom:container-muxer-webm: aa71ff27fc2769a1b78a27578f13a17b -> 
  custom:video-decoder-webm-vp8: 9c59270c3fd7afecdb556c50c9e8de78 -> 
  custom:SearchIndexIgnoredProperties: e643bd26f0fe6173181afceb89e7c659 -> 
  custom:AudioImporter_EditorPlatform: d09bf68614088b80899f8185d706f6e7 -> 
  custom:video-encoder-webm-vp8: eb34c28f22e8b96e1ab97ce403110664 -> 
  custom:audio-decoder-ogg-vorbis: bf7c407c2cedff20999df2af8eb42d56 -> 
  custom:audio-encoder-webm-vorbis: bf7c407c2cedff20999df2af8eb42d56 -> 
========================================================================
Received Prepare
Refreshing native plugins compatible for Editor in 5.16 ms, found 3 plugins.
Preloading 0 native plugins for Editor in 0.00 ms.
Unloading 0 Unused Serialized files (Serialized files now loaded: 0)
Unloading 0 unused Assets / (0 B). Loaded Objects now: 3998.
Memory consumption went from 81.2 MB to 81.2 MB.
Total: 3.431900 ms (FindLiveObjects: 0.336100 ms CreateObjectMapping: 0.232300 ms MarkObjects: 2.854400 ms  DeleteObjects: 0.008000 ms)

Prepare: number of updated asset objects reloaded= 0
AssetImportParameters requested are different than current active one (requested -> active):
  custom:container-demuxer-ogg: 62fdf1f143b41e24485cea50d1cbac27 -> 
  custom:video-decoder-ogg-theora: a1e56fd34408186e4bbccfd4996cb3dc -> 
  custom:framework-win-MediaFoundation: 216162199b28c13a410421893ffa2e32 -> 
  custom:CustomObjectIndexerAttribute: 756ad292c208cfabdd7b50bc23989ffe -> 
  custom:container-demuxer-webm: 4f35f7cbe854078d1ac9338744f61a02 -> 
  custom:container-muxer-webm: aa71ff27fc2769a1b78a27578f13a17b -> 
  custom:video-decoder-webm-vp8: 9c59270c3fd7afecdb556c50c9e8de78 -> 
  custom:SearchIndexIgnoredProperties: e643bd26f0fe6173181afceb89e7c659 -> 
  custom:AudioImporter_EditorPlatform: d09bf68614088b80899f8185d706f6e7 -> 
  custom:video-encoder-webm-vp8: eb34c28f22e8b96e1ab97ce403110664 -> 
  custom:audio-decoder-ogg-vorbis: bf7c407c2cedff20999df2af8eb42d56 -> 
  custom:audio-encoder-webm-vorbis: bf7c407c2cedff20999df2af8eb42d56 -> 
========================================================================
Received Import Request.
  Time since last request: 308.286194 seconds.
  path: Assets/Assets/MAts/Materials/heatSig1.mat
  artifactKey: Guid(1b51777212c4c914ca8f4f1a46a21705) Importer(815301076,1909f56bfc062723c751e8b465ee728b)
Start importing Assets/Assets/MAts/Materials/heatSig1.mat using Guid(1b51777212c4c914ca8f4f1a46a21705) Importer(815301076,1909f56bfc062723c751e8b465ee728b)  -> (artifact id: 'af75f786cf017637df0734e5a3e9022b') in 0.097050 seconds
Number of updated asset objects reloaded before import = 0
Number of asset objects unloaded after import = 1
========================================================================
Received Import Request.
  Time since last request: 0.000018 seconds.
  path: Assets/Assets/MAts/Materials/heatSig2.mat
  artifactKey: Guid(c27a416b453cd954782c4f36215029a4) Importer(815301076,1909f56bfc062723c751e8b465ee728b)
Start importing Assets/Assets/MAts/Materials/heatSig2.mat using Guid(c27a416b453cd954782c4f36215029a4) Importer(815301076,1909f56bfc062723c751e8b465ee728b)  -> (artifact id: '2d5a7eb4cc52a054be23123fd70c5186') in 0.012384 seconds
Number of updated asset objects reloaded before import = 0
Number of asset objects unloaded after import = 1
========================================================================
Received Import Request.
  Time since last request: 0.000024 seconds.
  path: Assets/Assets/MAts/Materials/heatSig1 3.mat
  artifactKey: Guid(2f4f928b84af9f34a908b21efd9a85b6) Importer(815301076,1909f56bfc062723c751e8b465ee728b)
Start importing Assets/Assets/MAts/Materials/heatSig1 3.mat using Guid(2f4f928b84af9f34a908b21efd9a85b6) Importer(815301076,1909f56bfc062723c751e8b465ee728b)  -> (artifact id: 'ddb6e2935c405f79f95209a95adb7bc9') in 0.013161 seconds
Number of updated asset objects reloaded before import = 0
Number of asset objects unloaded after import = 1
========================================================================
Received Import Request.
  Time since last request: 0.000019 seconds.
  path: Assets/Assets/MAts/Materials/heatSig1 2.mat
  artifactKey: Guid(a6e2a037574103a4abd1cec045b3c8da) Importer(815301076,1909f56bfc062723c751e8b465ee728b)
Start importing Assets/Assets/MAts/Materials/heatSig1 2.mat using Guid(a6e2a037574103a4abd1cec045b3c8da) Importer(815301076,1909f56bfc062723c751e8b465ee728b)  -> (artifact id: '9290f757d6843d1a6ce359c4cddc2df7') in 0.015183 seconds
Number of updated asset objects reloaded before import = 0
Number of asset objects unloaded after import = 1
========================================================================
Received Import Request.
  Time since last request: 0.000034 seconds.
  path: Assets/Assets/MAts/Materials/heatSig3.mat
  artifactKey: Guid(52da76b83769762419bc86eac534b0a7) Importer(815301076,1909f56bfc062723c751e8b465ee728b)
Start importing Assets/Assets/MAts/Materials/heatSig3.mat using Guid(52da76b83769762419bc86eac534b0a7) Importer(815301076,1909f56bfc062723c751e8b465ee728b)  -> (artifact id: '45decd167ebd6c391cce0fcd3e5f6204') in 0.013894 seconds
Number of updated asset objects reloaded before import = 0
Number of asset objects unloaded after import = 1
[usbmuxd] Attached: 6 00008020-0018696C0145002E
